{"D:\\Web Development\\React\\Advanced React\\Bite-Brew\\src\\components\\sum.jsx": {"path":"D:\\Web Development\\React\\Advanced React\\Bite-Brew\\src\\components\\sum.jsx","statementMap":{"0":{"start":{"line":1,"column":19},"end":{"line":3,"column":1}},"1":{"start":{"line":2,"column":4},"end":{"line":2,"column":17}}},"fnMap":{"0":{"name":"(anonymous_0)","decl":{"start":{"line":1,"column":19},"end":{"line":1,"column":20}},"loc":{"start":{"line":1,"column":29},"end":{"line":3,"column":1}},"line":1}},"branchMap":{},"s":{"0":1,"1":1},"f":{"0":1},"b":{},"_coverageSchema":"1a1c01bbd47fc00a2c39e90264f33305004495a9","hash":"cc92363decadf2e1b5b8605cd93bdbeb1b961768"}
,"D:\\Web Development\\React\\Advanced React\\Bite-Brew\\src\\components\\Contact\\Contact.jsx": {"path":"D:\\Web Development\\React\\Advanced React\\Bite-Brew\\src\\components\\Contact\\Contact.jsx","statementMap":{"0":{"start":{"line":3,"column":16},"end":{"line":11,"column":1}},"1":{"start":{"line":4,"column":2},"end":{"line":10,"column":3}}},"fnMap":{"0":{"name":"(anonymous_0)","decl":{"start":{"line":3,"column":16},"end":{"line":3,"column":17}},"loc":{"start":{"line":3,"column":22},"end":{"line":11,"column":1}},"line":3}},"branchMap":{},"s":{"0":1,"1":3},"f":{"0":3},"b":{},"_coverageSchema":"1a1c01bbd47fc00a2c39e90264f33305004495a9","hash":"db6ee9a1564799ca23fae924c21863eba68fdd8f"}
,"D:\\Web Development\\React\\Advanced React\\Bite-Brew\\src\\components\\Header\\Header.jsx": {"path":"D:\\Web Development\\React\\Advanced React\\Bite-Brew\\src\\components\\Header\\Header.jsx","statementMap":{"0":{"start":{"line":9,"column":15},"end":{"line":43,"column":1}},"1":{"start":{"line":10,"column":34},"end":{"line":10,"column":51}},"2":{"start":{"line":12,"column":27},"end":{"line":12,"column":50}},"3":{"start":{"line":13,"column":23},"end":{"line":13,"column":40}},"4":{"start":{"line":16,"column":18},"end":{"line":16,"column":58}},"5":{"start":{"line":16,"column":41},"end":{"line":16,"column":57}},"6":{"start":{"line":18,"column":2},"end":{"line":42,"column":3}},"7":{"start":{"line":33,"column":10},"end":{"line":33,"column":77}}},"fnMap":{"0":{"name":"(anonymous_0)","decl":{"start":{"line":9,"column":15},"end":{"line":9,"column":16}},"loc":{"start":{"line":9,"column":21},"end":{"line":43,"column":1}},"line":9},"1":{"name":"(anonymous_1)","decl":{"start":{"line":16,"column":30},"end":{"line":16,"column":31}},"loc":{"start":{"line":16,"column":41},"end":{"line":16,"column":57}},"line":16},"2":{"name":"(anonymous_2)","decl":{"start":{"line":32,"column":17},"end":{"line":32,"column":18}},"loc":{"start":{"line":32,"column":23},"end":{"line":34,"column":9}},"line":32}},"branchMap":{"0":{"loc":{"start":{"line":25,"column":28},"end":{"line":25,"column":53}},"type":"cond-expr","locations":[{"start":{"line":25,"column":43},"end":{"line":25,"column":46}},{"start":{"line":25,"column":49},"end":{"line":25,"column":53}}],"line":25},"1":{"loc":{"start":{"line":33,"column":10},"end":{"line":33,"column":77}},"type":"cond-expr","locations":[{"start":{"line":33,"column":33},"end":{"line":33,"column":54}},{"start":{"line":33,"column":57},"end":{"line":33,"column":77}}],"line":33}},"s":{"0":1,"1":4,"2":4,"3":4,"4":4,"5":7,"6":4,"7":1},"f":{"0":4,"1":7,"2":1},"b":{"0":[4,0],"1":[1,0]},"_coverageSchema":"1a1c01bbd47fc00a2c39e90264f33305004495a9","hash":"50a05d5a8871f70ad16de3b618206a04be0d1c9a"}
,"D:\\Web Development\\React\\Advanced React\\Bite-Brew\\src\\components\\Main\\Card.jsx": {"path":"D:\\Web Development\\React\\Advanced React\\Bite-Brew\\src\\components\\Main\\Card.jsx","statementMap":{"0":{"start":{"line":5,"column":13},"end":{"line":47,"column":1}},"1":{"start":{"line":13,"column":6},"end":{"line":13,"column":13}},"2":{"start":{"line":15,"column":26},"end":{"line":15,"column":49}},"3":{"start":{"line":16,"column":2},"end":{"line":46,"column":4}}},"fnMap":{"0":{"name":"(anonymous_0)","decl":{"start":{"line":5,"column":13},"end":{"line":5,"column":14}},"loc":{"start":{"line":5,"column":30},"end":{"line":47,"column":1}},"line":5}},"branchMap":{},"s":{"0":2,"1":1,"2":1,"3":1},"f":{"0":1},"b":{},"_coverageSchema":"1a1c01bbd47fc00a2c39e90264f33305004495a9","hash":"b2a04bde54f686bb10ed22c563704042a731a648"}
,"D:\\Web Development\\React\\Advanced React\\Bite-Brew\\src\\components\\Main\\Main.jsx": {"path":"D:\\Web Development\\React\\Advanced React\\Bite-Brew\\src\\components\\Main\\Main.jsx","statementMap":{"0":{"start":{"line":10,"column":13},"end":{"line":112,"column":1}},"1":{"start":{"line":11,"column":34},"end":{"line":11,"column":46}},"2":{"start":{"line":12,"column":38},"end":{"line":12,"column":50}},"3":{"start":{"line":13,"column":48},"end":{"line":13,"column":60}},"4":{"start":{"line":17,"column":2},"end":{"line":19,"column":9}},"5":{"start":{"line":18,"column":4},"end":{"line":18,"column":16}},"6":{"start":{"line":21,"column":20},"end":{"line":34,"column":3}},"7":{"start":{"line":22,"column":17},"end":{"line":22,"column":37}},"8":{"start":{"line":23,"column":17},"end":{"line":23,"column":34}},"9":{"start":{"line":25,"column":4},"end":{"line":25,"column":33}},"10":{"start":{"line":26,"column":4},"end":{"line":26,"column":22}},"11":{"start":{"line":28,"column":4},"end":{"line":30,"column":6}},"12":{"start":{"line":31,"column":4},"end":{"line":33,"column":6}},"13":{"start":{"line":36,"column":40},"end":{"line":36,"column":63}},"14":{"start":{"line":38,"column":23},"end":{"line":38,"column":40}},"15":{"start":{"line":40,"column":2},"end":{"line":42,"column":3}},"16":{"start":{"line":41,"column":4},"end":{"line":41,"column":76}},"17":{"start":{"line":49,"column":2},"end":{"line":111,"column":4}},"18":{"start":{"line":61,"column":14},"end":{"line":61,"column":44}},"19":{"start":{"line":67,"column":41},"end":{"line":71,"column":16}},"20":{"start":{"line":68,"column":16},"end":{"line":70,"column":54}},"21":{"start":{"line":72,"column":14},"end":{"line":72,"column":53}},"22":{"start":{"line":80,"column":35},"end":{"line":82,"column":15}},"23":{"start":{"line":81,"column":28},"end":{"line":81,"column":61}},"24":{"start":{"line":83,"column":14},"end":{"line":83,"column":47}},"25":{"start":{"line":91,"column":27},"end":{"line":91,"column":54}},"26":{"start":{"line":96,"column":12},"end":{"line":106,"column":14}}},"fnMap":{"0":{"name":"(anonymous_0)","decl":{"start":{"line":10,"column":13},"end":{"line":10,"column":14}},"loc":{"start":{"line":10,"column":19},"end":{"line":112,"column":1}},"line":10},"1":{"name":"(anonymous_1)","decl":{"start":{"line":17,"column":12},"end":{"line":17,"column":13}},"loc":{"start":{"line":17,"column":18},"end":{"line":19,"column":3}},"line":17},"2":{"name":"(anonymous_2)","decl":{"start":{"line":21,"column":20},"end":{"line":21,"column":21}},"loc":{"start":{"line":21,"column":32},"end":{"line":34,"column":3}},"line":21},"3":{"name":"(anonymous_3)","decl":{"start":{"line":60,"column":22},"end":{"line":60,"column":23}},"loc":{"start":{"line":60,"column":29},"end":{"line":62,"column":13}},"line":60},"4":{"name":"(anonymous_4)","decl":{"start":{"line":66,"column":21},"end":{"line":66,"column":22}},"loc":{"start":{"line":66,"column":27},"end":{"line":73,"column":13}},"line":66},"5":{"name":"(anonymous_5)","decl":{"start":{"line":67,"column":57},"end":{"line":67,"column":58}},"loc":{"start":{"line":67,"column":66},"end":{"line":71,"column":15}},"line":67},"6":{"name":"(anonymous_6)","decl":{"start":{"line":79,"column":21},"end":{"line":79,"column":22}},"loc":{"start":{"line":79,"column":27},"end":{"line":84,"column":13}},"line":79},"7":{"name":"(anonymous_7)","decl":{"start":{"line":81,"column":16},"end":{"line":81,"column":17}},"loc":{"start":{"line":81,"column":28},"end":{"line":81,"column":61}},"line":81},"8":{"name":"(anonymous_8)","decl":{"start":{"line":91,"column":20},"end":{"line":91,"column":21}},"loc":{"start":{"line":91,"column":27},"end":{"line":91,"column":54}},"line":91},"9":{"name":"(anonymous_9)","decl":{"start":{"line":95,"column":31},"end":{"line":95,"column":32}},"loc":{"start":{"line":95,"column":47},"end":{"line":107,"column":11}},"line":95}},"branchMap":{"0":{"loc":{"start":{"line":40,"column":2},"end":{"line":42,"column":3}},"type":"if","locations":[{"start":{"line":40,"column":2},"end":{"line":42,"column":3}},{"start":{},"end":{}}],"line":40},"1":{"loc":{"start":{"line":49,"column":9},"end":{"line":111,"column":3}},"type":"cond-expr","locations":[{"start":{"line":50,"column":4},"end":{"line":50,"column":15}},{"start":{"line":52,"column":4},"end":{"line":110,"column":7}}],"line":49}},"s":{"0":1,"1":10,"2":9,"3":9,"4":9,"5":3,"6":9,"7":3,"8":3,"9":3,"10":3,"11":3,"12":3,"13":9,"14":9,"15":9,"16":0,"17":9,"18":0,"19":0,"20":0,"21":0,"22":0,"23":0,"24":0,"25":0,"26":0},"f":{"0":10,"1":3,"2":3,"3":0,"4":0,"5":0,"6":0,"7":0,"8":0,"9":0},"b":{"0":[0,9],"1":[3,0]},"_coverageSchema":"1a1c01bbd47fc00a2c39e90264f33305004495a9","hash":"1c1bce282185b23f7f9090425523223bfb4b3e3b"}
,"D:\\Web Development\\React\\Advanced React\\Bite-Brew\\src\\utils\\UserContext.jsx": {"path":"D:\\Web Development\\React\\Advanced React\\Bite-Brew\\src\\utils\\UserContext.jsx","statementMap":{"0":{"start":{"line":4,"column":20},"end":{"line":6,"column":2}}},"fnMap":{},"branchMap":{},"s":{"0":3},"f":{},"b":{},"_coverageSchema":"1a1c01bbd47fc00a2c39e90264f33305004495a9","hash":"89f7ab22653c38130ba71a49184fc61a5143d9ae"}
,"D:\\Web Development\\React\\Advanced React\\Bite-Brew\\src\\utils\\appStore.jsx": {"path":"D:\\Web Development\\React\\Advanced React\\Bite-Brew\\src\\utils\\appStore.jsx","statementMap":{"0":{"start":{"line":4,"column":17},"end":{"line":8,"column":2}}},"fnMap":{},"branchMap":{},"s":{"0":1},"f":{},"b":{},"_coverageSchema":"1a1c01bbd47fc00a2c39e90264f33305004495a9","hash":"653fb3730501e300a289fbb9ebdc8ab325ec1c13"}
}
