TN:
SF:src\components\sum.jsx
FN:1,(anonymous_0)
FNF:1
FNH:1
FNDA:1,(anonymous_0)
DA:1,1
DA:2,1
LF:2
LH:2
BRF:0
BRH:0
end_of_record
TN:
SF:src\components\Contact\Contact.jsx
FN:3,(anonymous_0)
FNF:1
FNH:1
FNDA:3,(anonymous_0)
DA:3,1
DA:4,3
LF:2
LH:2
BRF:0
BRH:0
end_of_record
TN:
SF:src\components\Header\Header.jsx
FN:9,(anonymous_0)
FN:16,(anonymous_1)
FN:32,(anonymous_2)
FNF:3
FNH:3
FNDA:4,(anonymous_0)
FNDA:7,(anonymous_1)
FNDA:1,(anonymous_2)
DA:9,1
DA:10,4
DA:12,4
DA:13,4
DA:16,7
DA:18,4
DA:33,1
LF:7
LH:7
BRDA:25,0,0,4
BRDA:25,0,1,0
BRDA:33,1,0,1
BRDA:33,1,1,0
BRF:4
BRH:2
end_of_record
TN:
SF:src\components\Main\Card.jsx
FN:5,(anonymous_0)
FNF:1
FNH:1
FNDA:1,(anonymous_0)
DA:5,2
DA:13,1
DA:15,1
DA:16,1
LF:4
LH:4
BRF:0
BRH:0
end_of_record
TN:
SF:src\components\Main\Main.jsx
FN:10,(anonymous_0)
FN:17,(anonymous_1)
FN:21,(anonymous_2)
FN:60,(anonymous_3)
FN:66,(anonymous_4)
FN:67,(anonymous_5)
FN:79,(anonymous_6)
FN:81,(anonymous_7)
FN:91,(anonymous_8)
FN:95,(anonymous_9)
FNF:10
FNH:3
FNDA:10,(anonymous_0)
FNDA:3,(anonymous_1)
FNDA:3,(anonymous_2)
FNDA:0,(anonymous_3)
FNDA:0,(anonymous_4)
FNDA:0,(anonymous_5)
FNDA:0,(anonymous_6)
FNDA:0,(anonymous_7)
FNDA:0,(anonymous_8)
FNDA:0,(anonymous_9)
DA:10,1
DA:11,10
DA:12,9
DA:13,9
DA:17,9
DA:18,3
DA:21,9
DA:22,3
DA:23,3
DA:25,3
DA:26,3
DA:28,3
DA:31,3
DA:36,9
DA:38,9
DA:40,9
DA:41,0
DA:49,9
DA:61,0
DA:67,0
DA:68,0
DA:72,0
DA:80,0
DA:81,0
DA:83,0
DA:91,0
DA:96,0
LF:27
LH:17
BRDA:40,0,0,0
BRDA:40,0,1,9
BRDA:49,1,0,3
BRDA:49,1,1,0
BRF:4
BRH:2
end_of_record
TN:
SF:src\utils\UserContext.jsx
FNF:0
FNH:0
DA:4,3
LF:1
LH:1
BRF:0
BRH:0
end_of_record
TN:
SF:src\utils\appStore.jsx
FNF:0
FNH:0
DA:4,1
LF:1
LH:1
BRF:0
BRH:0
end_of_record
